<?xml version="1.0" encoding="UTF-8"?>
<robot generator="Robot 7.2.2 (Python 3.11.5 on win32)" generated="2025-04-04T22:10:35.582496" rpa="true" schemaversion="5">
<suite id="s1" name="Rpa Challenge" source="D:\SLSP\rpa_challenge.robot">
<test id="s1-t1" name="Nacitanie z challenge.xlsx" line="11">
<kw name="Evaluate" owner="BuiltIn">
<msg time="2025-04-04T22:10:36.357514" level="INFO">${challenge} = [{'First Name': 'John', 'Last Name ': 'Smith', 'Company Name': 'IT Solutions', 'Role in Company': 'Analyst', 'Address': '98 North Road', 'Email': 'jsmith@itsolutions.co.uk', 'Phone Number': 4071654329...</msg>
<var>${challenge}</var>
<arg>__import__('pandas').read_excel(r'''${FILE}''').to_dict(orient='records')</arg>
<arg>modules=pandas</arg>
<doc>Evaluates the given expression in Python and returns the result.</doc>
<status status="PASS" start="2025-04-04T22:10:35.749628" elapsed="0.607886"/>
</kw>
<kw name="New Browser" owner="Browser">
<msg time="2025-04-04T22:10:36.360555" level="INFO">{"browser": "chromium", "headless": true, "chromiumSandbox": false, "devtools": false, "handleSIGHUP": true, "handleSIGINT": true, "handleSIGTERM": true, "slowMo": 0.0, "timeout": 30000.0, "tracesDir": "D:\\SLSP\\browser\\traces\\temp\\08356275-e4b9-4c32-ab75-645f0a4c2dc3"}</msg>
<msg time="2025-04-04T22:10:36.403880" level="INFO">Starting Browser process C:\Users\MATÚŠ\.virtualenvs\SLSP-jxrWAbBn\Lib\site-packages\Browser\wrapper\index.js using port 50895</msg>
<msg time="2025-04-04T22:10:36.403880" level="INFO">Node startup parameters: ['node', 'C:\\Users\\MATÚŠ\\.virtualenvs\\SLSP-jxrWAbBn\\Lib\\site-packages\\Browser\\wrapper\\index.js', '50895']</msg>
<msg time="2025-04-04T22:10:37.580722" level="INFO">Successfully created browser with options: {"browser":"chromium","headless":true,"chromiumSandbox":false,"devtools":false,"handleSIGHUP":true,"handleSIGINT":true,"handleSIGTERM":true,"slowMo":0,"timeout":30000,"tracesDir":"D:\\SLSP\\browser\\traces\\temp\\08356275-e4b9-4c32-ab75-645f0a4c2dc3"}</msg>
<arg>headless=${HEADLESS}</arg>
<tag>BrowserControl</tag>
<tag>Setter</tag>
<doc>Create a new playwright Browser with specified options.</doc>
<status status="PASS" start="2025-04-04T22:10:36.358522" elapsed="1.222707"/>
</kw>
<kw name="Set Browser Timeout" owner="Browser">
<msg time="2025-04-04T22:10:37.587236" level="INFO">No context open.</msg>
<arg>5s</arg>
<tag>Config</tag>
<tag>Setter</tag>
<doc>Sets the timeout used by most input and getter keywords.</doc>
<status status="PASS" start="2025-04-04T22:10:37.581229" elapsed="0.006007"/>
</kw>
<kw name="Set Strict Mode" owner="Browser">
<arg>False</arg>
<tag>BrowserControl</tag>
<tag>Setter</tag>
<doc>Controls library strict mode.</doc>
<status status="PASS" start="2025-04-04T22:10:37.587236" elapsed="0.003512"/>
</kw>
<kw name="New Page" owner="Browser">
<msg time="2025-04-04T22:10:38.375566" level="INFO">Successfully initialized new page object and opened url: https://www.rpachallenge.com</msg>
<msg time="2025-04-04T22:10:38.375566" level="INFO">No context was open. New context was automatically opened when this page is created.</msg>
<arg>https://www.rpachallenge.com</arg>
<tag>BrowserControl</tag>
<tag>Setter</tag>
<doc>Open a new Page.</doc>
<status status="PASS" start="2025-04-04T22:10:37.591761" elapsed="0.783805"/>
</kw>
<kw name="Click" owner="Browser">
<msg time="2025-04-04T22:10:38.377565" level="INFO">Clicks the element 'xpath=//button[text()='Start']'.</msg>
<arg>xpath=//button[text()='Start']</arg>
<tag>PageContent</tag>
<tag>Setter</tag>
<doc>Simulates mouse click on the element found by ``selector``.</doc>
<status status="PASS" start="2025-04-04T22:10:38.376561" elapsed="0.072764"/>
</kw>
<for flavor="IN">
<iter>
<kw name="Fill Text" owner="Browser">
<msg time="2025-04-04T22:10:38.451349" level="INFO">Fills the text 'John' in the given field.</msg>
<arg>xpath=//label[contains(.,'First Name')]/following::input[1]</arg>
<arg>${row}[First Name]</arg>
<tag>PageContent</tag>
<tag>Setter</tag>
<doc>Clears and fills the given ``txt`` into the text field found by ``selector``.</doc>
<status status="PASS" start="2025-04-04T22:10:38.449325" elapsed="0.021356"/>
</kw>
<kw name="Fill Text" owner="Browser">
<msg time="2025-04-04T22:10:38.471717" level="FAIL">Dictionary '${row}' has no key 'Last Name'.</msg>
<arg>xpath=//label[contains(.,'Last Name')]/following::input[1]</arg>
<arg>${row}[Last Name]</arg>
<tag>PageContent</tag>
<tag>Setter</tag>
<doc>Clears and fills the given ``txt`` into the text field found by ``selector``.</doc>
<status status="FAIL" start="2025-04-04T22:10:38.470681" elapsed="0.001036">Dictionary '${row}' has no key 'Last Name'.</status>
</kw>
<kw name="Fill Text" owner="Browser">
<arg>xpath=//label[contains(.,'Email')]/following::input[1]</arg>
<arg>${row}[Email]</arg>
<tag>PageContent</tag>
<tag>Setter</tag>
<doc>Clears and fills the given ``txt`` into the text field found by ``selector``.</doc>
<status status="NOT RUN" start="2025-04-04T22:10:38.471717" elapsed="0.000000"/>
</kw>
<kw name="Fill Text" owner="Browser">
<arg>xpath=//label[contains(.,'Role in Company')]/following::input[1]</arg>
<arg>${row}[Role in Company]</arg>
<tag>PageContent</tag>
<tag>Setter</tag>
<doc>Clears and fills the given ``txt`` into the text field found by ``selector``.</doc>
<status status="NOT RUN" start="2025-04-04T22:10:38.471717" elapsed="0.000000"/>
</kw>
<kw name="Fill Text" owner="Browser">
<arg>xpath=//label[contains(.,'Address')]/following::input[1]</arg>
<arg>${row}[Address]</arg>
<tag>PageContent</tag>
<tag>Setter</tag>
<doc>Clears and fills the given ``txt`` into the text field found by ``selector``.</doc>
<status status="NOT RUN" start="2025-04-04T22:10:38.472733" elapsed="0.000000"/>
</kw>
<kw name="Fill Text" owner="Browser">
<arg>xpath=//label[contains(.,'Company Name')]/following::input[1]</arg>
<arg>${row}[Company Name]</arg>
<tag>PageContent</tag>
<tag>Setter</tag>
<doc>Clears and fills the given ``txt`` into the text field found by ``selector``.</doc>
<status status="NOT RUN" start="2025-04-04T22:10:38.472733" elapsed="0.000000"/>
</kw>
<kw name="Fill Text" owner="Browser">
<arg>xpath=//label[contains(.,'Phone')]/following::input[1]</arg>
<arg>${row}[Phone Number]</arg>
<tag>PageContent</tag>
<tag>Setter</tag>
<doc>Clears and fills the given ``txt`` into the text field found by ``selector``.</doc>
<status status="NOT RUN" start="2025-04-04T22:10:38.472733" elapsed="0.000000"/>
</kw>
<kw name="Click" owner="Browser">
<arg>xpath=//input[@type='submit']</arg>
<tag>PageContent</tag>
<tag>Setter</tag>
<doc>Simulates mouse click on the element found by ``selector``.</doc>
<status status="NOT RUN" start="2025-04-04T22:10:38.472733" elapsed="0.000000"/>
</kw>
<var name="${row}">{'First Name': 'John', 'Last Name ': 'Smith', 'Company Name': 'IT Solutions', 'Role in Company': 'Analyst', 'Address': '98 North Road', 'Email': 'jsmith@itsolutions.co.uk', 'Phone Number': 40716543298...</var>
<status status="FAIL" start="2025-04-04T22:10:38.449325" elapsed="0.023408">Dictionary '${row}' has no key 'Last Name'.</status>
</iter>
<var>${row}</var>
<value>@{challenge}</value>
<status status="FAIL" start="2025-04-04T22:10:38.449325" elapsed="0.023408">Dictionary '${row}' has no key 'Last Name'.</status>
</for>
<msg time="2025-04-04T22:10:38.484757" level="INFO">Switching context to context=11915da6-975e-4fcd-a5bd-9006f1f677b5 in CURRENT</msg>
<msg time="2025-04-04T22:10:38.498291" level="INFO">Successfully changed active context: context=11915da6-975e-4fcd-a5bd-9006f1f677b5</msg>
<msg time="2025-04-04T22:10:38.505801" level="INFO">Successfully closed Context</msg>
<status status="FAIL" start="2025-04-04T22:10:35.748629" elapsed="2.725094">Dictionary '${row}' has no key 'Last Name'.</status>
</test>
<status status="FAIL" start="2025-04-04T22:10:35.583500" elapsed="2.923818"/>
</suite>
<statistics>
<total>
<stat pass="0" fail="1" skip="0">All Tasks</stat>
</total>
<tag>
</tag>
<suite>
<stat name="Rpa Challenge" id="s1" pass="0" fail="1" skip="0">Rpa Challenge</stat>
</suite>
</statistics>
<errors>
</errors>
</robot>
